<?xml version="1.0" encoding="UTF-8"?>
<!-- Generated by org.testng.reporters.JUnitReportReporter -->
<testsuite hostname="Personal_PC" failures="0" tests="3" name="com.crm.qa.testcases.LoginTest" time="43.145" errors="0" timestamp="27 Jun 2018 16:30:01 GMT" skipped="0">
  <testcase classname="com.crm.qa.testcases.LoginTest" name="loginPageTitleTest" time="10.015"/>
  <testcase classname="com.crm.qa.testcases.LoginTest" name="crmLogoImageTest" time="10.246"/>
  <testcase classname="com.crm.qa.testcases.LoginTest" name="crmLoginTest" time="22.884"/>
</testsuite> <!-- com.crm.qa.testcases.LoginTest -->
